         w __deregister_frame_info
         w __register_frame_info
         w userAppExit
         w userAppInit
00000000 00000802 B __ctru_dev_utf16_buf
00000000 A __sync_synchronize
00000000 b _TLS_MODULE_BASE_
00000000 a shift
00000000 a shift
00000804 00000401 B __ctru_dev_path_buf
00100000 A __start__
00100000 T _start
00100008 T __service_ptr
0010000c T __apt_appid
00100010 T __heap_size
00100014 T __linear_heap_size
00100018 T __system_arglist
0010001c T __system_runflags
00100020 t startup
00100058 t ClearMem
0010006c t ClrLoop
00100094 T _init
001000ac 00000058 T mad_stream_init
00100104 00000024 T mad_stream_finish
00100128 0000002c T mad_stream_buffer
00100154 00000010 T mad_stream_skip
00100164 00000084 T mad_stream_sync
001001e8 0000029c T mad_stream_errorstr
00100484 00000274 t decode_header
001006f8 00000044 T mad_header_init
0010073c 00000024 T mad_frame_finish
00100760 000004c0 T mad_header_decode
00100c20 000000d4 T mad_frame_decode
00100cf4 00000094 T mad_frame_mute
00100d88 00000028 T mad_frame_init
00100db0 00000c48 t dct32
001019f8 000004c4 t synth_full
00101ebc 000004ec t synth_half
001023a8 00000080 T mad_synth_mute
00102428 00000028 T mad_synth_init
00102450 000000ac T mad_synth_frame
001024fc 00000058 t I_sample
00102554 000000d4 t II_samples
00102628 000003c8 T mad_layer_I
001029f0 00000844 T mad_layer_II
00103234 00000090 t III_requantize
001032c4 000000a0 t III_aliasreduce
00103364 000001a4 t III_imdct_s
00103508 0000003c t III_overlap
00103544 0000008c t III_freqinver
001035d0 00001da8 t III_decode
00105378 00000828 T mad_layer_III
00105ba0 T _III_imdct_l
00105ba0 T III_imdct_l
00105dd4 t loop
00105e68 t imdct36_long_karray
001060d8 t imdct_l_windowing
001060ec t normal_block_x0_to_x17
00106240 t normal_block_x18_to_x35
0010637c t stop_block_x0_to_x17
00106428 t start_block_x18_to_x35
00106504 00000018 T mad_bit_init
0010651c 00000028 T mad_bit_length
00106544 00000014 T mad_bit_nextbyte
00106558 0000004c T mad_bit_skip
001065a4 000000c0 T mad_bit_read
00106664 0000018c T mad_bit_crc
001067f0 0000008c t reduce_rational
0010687c 000000d4 t scale_rational
00106950 00000054 T mad_timer_compare
001069a4 00000030 T mad_timer_negate
001069d4 0000003c T mad_timer_abs
00106a10 00000214 T mad_timer_set
00106c24 00000070 T mad_timer_add
00106c94 00000090 T mad_timer_multiply
00106d24 0000039c T mad_timer_count
001070c0 00000070 T mad_timer_fraction
00107130 00000708 T mad_timer_string
00107838 t .udivsi3_skip_div0_test
00107838 T __aeabi_uidiv
00107838 000001ec T __udivsi3
00107a24 00000020 T __aeabi_uidivmod
00107a44 T __aeabi_idiv
00107a44 00000220 T __divsi3
00107a4c t .divsi3_skip_div0_test
00107c64 00000020 T __aeabi_idivmod
00107c84 00000004 W __aeabi_idiv0
00107c84 00000004 W __aeabi_ldiv0
00107c88 T __aeabi_drsub
00107c90 000002b0 T __aeabi_dsub
00107c90 000002b0 T __subdf3
00107c94 000002ac T __adddf3
00107c94 000002ac T __aeabi_dadd
00107f40 00000024 T __aeabi_ui2d
00107f40 00000024 T __floatunsidf
00107f64 00000028 T __aeabi_i2d
00107f64 00000028 T __floatsidf
00107f8c 00000048 T __aeabi_f2d
00107f8c 00000048 T __extendsfdf2
00107fd4 00000074 T __aeabi_ul2d
00107fd4 00000074 T __floatundidf
00107fe8 00000060 T __aeabi_l2d
00107fe8 00000060 T __floatdidf
00108048 0000019c T __aeabi_frsub
00108050 00000194 T __aeabi_fsub
00108050 00000194 T __subsf3
00108054 00000190 T __addsf3
00108054 00000190 T __aeabi_fadd
001081e4 00000028 T __aeabi_ui2f
001081e4 00000028 T __floatunsisf
001081ec 00000020 T __aeabi_i2f
001081ec 00000020 T __floatsisf
0010820c 0000008c T __aeabi_ul2f
0010820c 0000008c T __floatundisf
0010821c 0000007c T __aeabi_l2f
0010821c 0000007c T __floatdisf
00108298 T __aeabi_ldivmod
0010836c T __aeabi_uldivmod
001083c8 00000390 T strcmp
00108750 t __do_global_dtors_aux
001087a0 t frame_dummy
001087cc 000000f4 t drflac_oggbs__seek_physical
001088c0 00000008 t drflac__on_tell_ogg
001088c8 00000064 t bit_reverse
0010892c 00000024 t uint32_compare
00108950 00000024 t point_compare
00108974 000001ac t imdct_step3_inner_r_loop
00108b20 0000018c t vorbis_finish_frame
00108cac 000001bc t imdct_step3_iter0_loop
00108e68 00000028 t drflac__on_seek_stdio
00108e90 00000010 t drflac__on_read_stdio
00108ea0 00000358 t convert_channels_short_interleaved
001091f8 00000004 t drflac__free_default
001091fc 000004c4 t vorbis_deinit
001096c0 0000002c t setup_temp_free
001096ec 00000004 t drflac__realloc_default
001096f0 00000004 t drflac__malloc_default
001096f4 00000044 t setup_temp_malloc
00109738 00000054 t setup_malloc
00109790 00000130 t drflac__read_streaminfo
001098c0 000001c8 t is_whole_packet_present
00109a88 00000040 t float32_unpack
00109ac8 0000009c t ilog
00109b64 00000028 t include_in_sort.part.0
00109b8c 00000070 t drflac__on_tell_stdio
00109bfc 00000070 t skip
00109c6c 00000080 t getn
00109cec 00000078 t get8
00109d64 00000038 t setStatusMessage.part.0
00109d9c 0000012c t drflac_ogg__read_page_header_after_capture_pattern.constprop.0
00109ec8 000000e8 t drflac_ogg__read_page_header
00109fb0 0000019c t drflac_oggbs__goto_next_page
0010a14c 00000104 t drflac__on_seek_ogg
0010a250 00000120 t drflac__seek_to_byte
0010a370 000000fc t drflac__on_read_ogg
0010a46c 000002b8 t drflac__reload_cache
0010a724 000001a8 t drflac__read_int32
0010a8cc 00000130 t drflac__read_uint8
0010a9fc 00000164 t drflac__read_utf8_coded_number
0010ab60 00000158 t drflac__read_subframe_header
0010acb8 00000130 t drflac__read_uint16
0010ade8 00000174 t drflac__seek_bits
0010af5c 000007f8 t drflac__read_next_flac_frame_header
0010b754 000004ac t drflac__read_and_seek_residual
0010bc00 00000434 t drflac__seek_flac_frame
0010c034 00000440 t drflac__decode_samples_with_residual__rice__scalar_zeroorder.constprop.0
0010c474 00004b9c t drflac__decode_samples_with_residual__rice__scalar
00111010 00000b00 t drflac__decode_samples_with_residual
00111b10 00000054 t drflac__malloc_from_callbacks
00111b64 000000b4 t set_file_offset.isra.0
00111c18 000003a0 t drflac__init_private__ogg.isra.0
00111fb8 000001c4 t drflac__init_private__native.isra.0
0011217c 0000064c t drflac__decode_flac_frame
001127c8 0000006c t drflac__read_and_decode_next_flac_frame
00112834 00000974 t drflac_read_pcm_frames_s16.part.0
001131a8 00000178 t get_seek_page_info
00113320 000001e8 t drflac__seek_to_approximate_flac_frame_to_byte
00113508 00000b9c t inverse_mdct
001140a4 000000b8 t startAudioThread.part.0
0011415c 00000198 t get32
001142f4 000002a0 t start_page_no_capturepattern
00114598 00000574 t drflac__seek_to_pcm_frame__binary_search_internal
00114b10 00000570 t init_blocksize
00115080 00000180 t start_page
00115200 00000060 t start_packet
00115260 000000dc t next_segment
0011533c 000000e8 t get8_packet_raw
00115424 000000b8 t get_bits
001154dc 00000054 t get32_packet
00115530 000001e4 t codebook_decode_scalar_raw
00115714 00000320 t codebook_decode_deinterleave_repeat
00115a34 0000017c t codebook_decode_start
00115bb0 00000eb4 t decode_residue
00116a64 00000d50 t vorbis_decode_packet_rest.isra.0
001177b4 000001f0 t maybe_start_packet
001179a4 000002a0 t vorbis_decode_initial
00117c44 00000078 t vorbis_decode_packet
00117cbc 000000a8 t stb_vorbis_get_frame_float.part.0
00117d64 000000a0 t vorbis_pump_first_frame
00117e04 000001cc t stb_vorbis_seek_frame.part.0
00117fd0 00000404 t vorbis_find_page
001183d4 000014b8 t drflac_open_with_metadata_private
0011988c 00000094 T drflac_open_file
00119920 000000cc T drflac_close
001199ec 0000010c T drflac_read_pcm_frames_s16
00119af8 0000130c T drflac_seek_to_pcm_frame
0011ae04 00000058 T stb_vorbis_get_file_offset
0011ae5c 00002504 t start_decoder.part.0
0011d360 000001a8 T stb_vorbis_stream_length_in_samples
0011d508 00000618 t seek_to_sample_coarse
0011db20 00000118 T stb_vorbis_seek
0011dc38 00000180 t sesIlerlemesi01.part.0
0011ddb8 0000014c T stb_vorbis_open_file_section
0011df04 0000006c T stb_vorbis_open_file
0011df70 000000ec T stb_vorbis_get_samples_short_interleaved
0011e060 00000090 T trigInit
0011e0f0 000000b4 T cleanTrackName
0011e1a4 00000104 T applyEqPreset
0011e2a8 000001a4 T audioProcessSample
0011e44c 000000c0 T audioProcessSampleLite
0011e50c 00000204 T updateAudioReactiveMeters
0011e710 000000e8 T sesKanaliniYenidenBaslat
0011e7f8 000001b4 T aptEventHook
0011e9b0 00000290 t sarkiZamaniniDegistir.part.0
0011ec40 00000230 t sesYuzdeyeGit.part.0
0011ee70 00000114 T sesBufferlariniHazirla
0011ef84 000000c0 T initBeepEngine
0011f044 000000ec T triggerUiBeep
0011f130 000000c8 T setScreenOffMode
0011f1f8 000001e8 T refreshLidAudioGuard
0011f3e0 00000094 T extEquals
0011f474 00000170 T audioFormatFromName
0011f5e4 00000264 T audioFormatFromHeader
0011f848 0000002c T audioFormatFromFile
0011f874 00000060 T aktifSesHazir
0011f8d4 00000030 T readLE32
0011f904 0000022c T wavHeaderOku
0011fb30 0000050c T loadDirectory
0012003c 000000a4 T addAudioSearchHit
001200e0 00000324 t processAudioSearchStep.part.0
00120404 000000c0 T searchAudioFilesOnSd
001204c4 000000b4 T aktifSesKapat
00120578 00000468 t sarkiYukle.part.0
001209e0 0000002c T sarkiYukle
00120a0c 00000058 T sarkiZamaniniDegistir
00120a64 00000100 T sesAnlikSaniye
00120b64 00000058 T sesYuzdeyeGit
00120bbc 000001d8 T sonrakiSarkiyaGec
00120d94 0000067c T audioProducerThread
00121410 00000040 T stopAudioThread
00121450 0000006c T pixelDraw
001214bc 0000010c T gfxRect
001215c8 00000128 T gfxLine
001216f0 000001d0 t drawMouseCursor.part.0
001218c0 000000cc T gfxCircle
0012198c 0000011c T gfxDisc
00121aa8 0000009c T gfxGlowPixel
00121b48 0000031c T drawGear
00121e64 00000830 T charDraw
00122694 00000118 t drawMatrixLogOverlay.part.0
001227b0 000003f0 t drawCyberSnakeOverlay.part.0
00122ba0 000000c8 T textDrawCentered
00122c68 000000e8 t drawLidAnimationOverlay.part.0
00122d50 000000b8 T quadMixYenile
00122e08 00000184 T rastgeleAnimasyonSec
00122f8c 00000100 T drawScanlines
0012308c 00000604 T drawKenwoodShell
00123690 00000658 T drawPerspectiveTunnel
00123ce8 000011fc T drawSpectrumLayer
00124ee8 0000048c T drawBassReactiveOverlay
00125378 00000808 T drawBassReactiveSpecial
00125b80 000004d0 T drawDolphinAnim
00126050 00000300 T drawStarfieldAnim
00126350 00000704 T drawTapeAnim
00126a58 00000584 T drawRadarAnim
00126fe0 000003b0 T drawOscilloscopeAnim
00127390 0000050c T drawCyberHighwayAnim
001278a0 000004b4 T drawDolphin3DAnim
00127d58 000004f4 T drawCockpitDriveAnim
00128250 00000350 T drawSpectrumCityAnim
001285a0 000003d0 T drawAnalogMeterWall
00128970 00000360 T drawMegaVizBackdrop
00128cd0 00000344 T drawMegaViz20
00129018 00000288 T drawMegaViz21
001292a0 00000380 T drawMegaViz22
00129620 00000318 T drawMegaViz23
00129938 00000348 T drawMegaViz24
00129c80 00000288 T drawMegaViz25
00129f08 00000380 T drawMegaViz26
0012a288 00000318 T drawMegaViz27
0012a5a0 00000344 T drawMegaViz28
0012a8e8 00000288 T drawMegaViz29
0012ab70 00000380 T drawMegaViz30
0012aef0 00000318 T drawMegaViz31
0012b208 00000348 T drawMegaViz32
0012b550 00000288 T drawMegaViz33
0012b7d8 00000380 T drawMegaViz34
0012bb58 00000314 T drawMegaViz35
0012be6c 00000344 T drawMegaViz36
0012c1b0 00000288 T drawMegaViz37
0012c438 00000380 T drawMegaViz38
0012c7b8 00000318 T drawMegaViz39
0012cad0 00000344 T drawMegaViz40
0012ce18 00000288 T drawMegaViz41
0012d0a0 00000380 T drawMegaViz42
0012d420 00000318 T drawMegaViz43
0012d738 00000348 T drawMegaViz44
0012da80 00000288 T drawMegaViz45
0012dd08 00000380 T drawMegaViz46
0012e088 00000318 T drawMegaViz47
0012e3a0 00000344 T drawMegaViz48
0012e6e8 00000288 T drawMegaViz49
0012e970 00000380 T drawMegaViz50
0012ecf0 00000318 T drawMegaViz51
0012f008 00000348 T drawMegaViz52
0012f350 00000288 T drawMegaViz53
0012f5d8 00000380 T drawMegaViz54
0012f958 00000318 T drawMegaViz55
0012fc70 00000344 T drawMegaViz56
0012ffb8 00000288 T drawMegaViz57
00130240 00000380 T drawMegaViz58
001305c0 00000318 T drawMegaViz59
001308d8 00000344 T drawMegaViz60
00130c20 00000288 T drawMegaViz61
00130ea8 00000380 T drawMegaViz62
00131228 00000318 T drawMegaViz63
00131540 000003fc T drawMegaVizMode
00131940 0000014c T drawDeluxeIndustrialBackdrop
00131a90 0000035c T drawDeluxeFeatureBank001
00131dec 000001e0 T drawDeluxeFeatureBank002
00131fcc 0000016c T drawDeluxeFeatureBank003
00132138 00000294 T drawDeluxeFeatureBank004
001323d0 000001c8 T drawDeluxeFeatureBank005
00132598 00000254 T drawDeluxeFeatureBank006
001327f0 0000035c T drawDeluxeFeatureBank007
00132b4c 000001e0 T drawDeluxeFeatureBank008
00132d2c 00000170 T drawDeluxeFeatureBank009
00132ea0 00000294 T drawDeluxeFeatureBank010
00133138 000001c8 T drawDeluxeFeatureBank011
00133300 00000254 T drawDeluxeFeatureBank012
00133558 0000035c T drawDeluxeFeatureBank013
001338b4 000001e0 T drawDeluxeFeatureBank014
00133a94 0000016c T drawDeluxeFeatureBank015
00133c00 00000294 T drawDeluxeFeatureBank016
00133e98 000001c8 T drawDeluxeFeatureBank017
00134060 00000254 T drawDeluxeFeatureBank018
001342b8 0000035c T drawDeluxeFeatureBank019
00134614 000001e0 T drawDeluxeFeatureBank020
001347f4 0000016c T drawDeluxeFeatureBank021
00134960 00000294 T drawDeluxeFeatureBank022
00134bf8 000001c8 T drawDeluxeFeatureBank023
00134dc0 00000254 T drawDeluxeFeatureBank024
00135018 0000035c T drawDeluxeFeatureBank025
00135374 000001e0 T drawDeluxeFeatureBank026
00135554 00000170 T drawDeluxeFeatureBank027
001356c8 00000294 T drawDeluxeFeatureBank028
00135960 000001c8 T drawDeluxeFeatureBank029
00135b28 00000254 T drawDeluxeFeatureBank030
00135d80 0000035c T drawDeluxeFeatureBank031
001360dc 000001e0 T drawDeluxeFeatureBank032
001362bc 0000016c T drawDeluxeFeatureBank033
00136428 0000028c T drawDeluxeFeatureBank034
001366b8 000001c8 T drawDeluxeFeatureBank035
00136880 00000254 T drawDeluxeFeatureBank036
00136ad8 0000035c T drawDeluxeFeatureBank037
00136e34 000001e0 T drawDeluxeFeatureBank038
00137014 00000174 T drawDeluxeFeatureBank039
00137188 0000028c T drawDeluxeFeatureBank040
00137418 000001c8 T drawDeluxeFeatureBank041
001375e0 00000254 T drawDeluxeFeatureBank042
00137838 0000035c T drawDeluxeFeatureBank043
00137b94 000001e0 T drawDeluxeFeatureBank044
00137d74 00000170 T drawDeluxeFeatureBank045
00137ee8 00000294 T drawDeluxeFeatureBank046
00138180 000001c8 T drawDeluxeFeatureBank047
00138348 00000254 T drawDeluxeFeatureBank048
001385a0 0000035c T drawDeluxeFeatureBank049
001388fc 000001e0 T drawDeluxeFeatureBank050
00138adc 00000170 T drawDeluxeFeatureBank051
00138c50 00000294 T drawDeluxeFeatureBank052
00138ee8 000001c8 T drawDeluxeFeatureBank053
001390b0 00000254 T drawDeluxeFeatureBank054
00139308 0000035c T drawDeluxeFeatureBank055
00139664 000001e0 T drawDeluxeFeatureBank056
00139844 00000174 T drawDeluxeFeatureBank057
001399b8 00000294 T drawDeluxeFeatureBank058
00139c50 000001c8 T drawDeluxeFeatureBank059
00139e18 00000254 T drawDeluxeFeatureBank060
0013a070 0000035c T drawDeluxeFeatureBank061
0013a3cc 000001e0 T drawDeluxeFeatureBank062
0013a5ac 00000170 T drawDeluxeFeatureBank063
0013a720 00000294 T drawDeluxeFeatureBank064
0013a9b8 000001c8 T drawDeluxeFeatureBank065
0013ab80 00000254 T drawDeluxeFeatureBank066
0013add8 0000035c T drawDeluxeFeatureBank067
0013b134 000001dc T drawDeluxeFeatureBank068
0013b310 00000174 T drawDeluxeFeatureBank069
0013b488 0000028c T drawDeluxeFeatureBank070
0013b718 000001c8 T drawDeluxeFeatureBank071
0013b8e0 00000254 T drawDeluxeFeatureBank072
0013bb38 0000035c T drawDeluxeFeatureBank073
0013be94 000001e0 T drawDeluxeFeatureBank074
0013c074 00000170 T drawDeluxeFeatureBank075
0013c1e8 00000294 T drawDeluxeFeatureBank076
0013c480 000001c8 T drawDeluxeFeatureBank077
0013c648 00000254 T drawDeluxeFeatureBank078
0013c8a0 0000035c T drawDeluxeFeatureBank079
0013cbfc 000001e0 T drawDeluxeFeatureBank080
0013cddc 00000170 T drawDeluxeFeatureBank081
0013cf50 00000294 T drawDeluxeFeatureBank082
0013d1e8 000001c8 T drawDeluxeFeatureBank083
0013d3b0 00000254 T drawDeluxeFeatureBank084
0013d608 0000035c T drawDeluxeFeatureBank085
0013d964 000001e0 T drawDeluxeFeatureBank086
0013db44 00000174 T drawDeluxeFeatureBank087
0013dcb8 00000294 T drawDeluxeFeatureBank088
0013df50 000001c8 T drawDeluxeFeatureBank089
0013e118 00000254 T drawDeluxeFeatureBank090
0013e370 0000035c T drawDeluxeFeatureBank091
0013e6cc 000001e0 T drawDeluxeFeatureBank092
0013e8ac 00000170 T drawDeluxeFeatureBank093
0013ea20 00000294 T drawDeluxeFeatureBank094
0013ecb8 000001c8 T drawDeluxeFeatureBank095
0013ee80 00000254 T drawDeluxeFeatureBank096
0013f0d8 0000035c T drawDeluxeFeatureBank097
0013f434 000001e0 T drawDeluxeFeatureBank098
0013f614 00000174 T drawDeluxeFeatureBank099
0013f788 00000294 T drawDeluxeFeatureBank100
0013fa20 000001c8 T drawDeluxeFeatureBank101
0013fbe8 0000024c T drawDeluxeFeatureBank102
0013fe38 0000035c T drawDeluxeFeatureBank103
00140194 000001e0 T drawDeluxeFeatureBank104
00140374 00000170 T drawDeluxeFeatureBank105
001404e8 00000294 T drawDeluxeFeatureBank106
00140780 000001c8 T drawDeluxeFeatureBank107
00140948 00000254 T drawDeluxeFeatureBank108
00140ba0 0000035c T drawDeluxeFeatureBank109
00140efc 000001e0 T drawDeluxeFeatureBank110
001410dc 00000170 T drawDeluxeFeatureBank111
00141250 00000294 T drawDeluxeFeatureBank112
001414e8 000001c8 T drawDeluxeFeatureBank113
001416b0 00000254 T drawDeluxeFeatureBank114
00141908 0000035c T drawDeluxeFeatureBank115
00141c64 000001e0 T drawDeluxeFeatureBank116
00141e44 00000174 T drawDeluxeFeatureBank117
00141fb8 00000294 T drawDeluxeFeatureBank118
00142250 000001c8 T drawDeluxeFeatureBank119
00142418 00000254 T drawDeluxeFeatureBank120
00142670 0000035c T drawDeluxeFeatureBank121
001429cc 000001e0 T drawDeluxeFeatureBank122
00142bac 00000170 T drawDeluxeFeatureBank123
00142d20 00000294 T drawDeluxeFeatureBank124
00142fb8 000001c8 T drawDeluxeFeatureBank125
00143180 00000254 T drawDeluxeFeatureBank126
001433d8 0000035c T drawDeluxeFeatureBank127
00143734 000001e0 T drawDeluxeFeatureBank128
00143914 00000174 T drawDeluxeFeatureBank129
00143a88 00000294 T drawDeluxeFeatureBank130
00143d1c 00000450 T drawDeluxeFeatureBank
00144170 00000650 T drawGeneratedCover
001447c0 000002ec T drawCdTop
00144ab0 000002e0 T drawCdBottom
00144d90 00000080 T drawCdInsertTopAnim
00144e10 000000cc T vfdQuadMixCizim
00144edc 00000360 T vfdProsedurelCizim
0014523c 000000c4 T drawAnimatedButton
00145300 0000022c T drawBottomHeader
0014552c 00000114 T drawHoldOverlay
00145640 000001a0 T drawStationStatic
001457e0 00000230 T drawStartup
00145a10 000000d0 T drawShutdown
00145ae0 000000f8 T finishPendingTrackChange
00145bd8 00000060 T requestTrackChange
00145c38 000002f4 T drawIndustrialWarnings
00145f2c 0000016c T browserGoParent
00146098 000006ec T drawFileBrowser
00146784 000004c0 T drawSettings
00146c44 00000b6c T drawBottomDeck
001477b0 00000620 T renderFrame
00147dd0 00000368 T adjustSetting
00148138 000001bc T openBrowserEntryAt
001482f4 000000cc T togglePlaybackFromUi
001483c0 000002dc T virtualPointerClick
0014869c 00000198 T updateCstickMouse
00148834 000001b8 T updateCirclePadSeek
001489ec 00001034 T main
00149a20 00000024 t addrMapNodeComparator(rbtree_node const*, rbtree_node const*)
00149a44 00000004 t addrMapNodeDestructor(rbtree_node*)
00149a48 0000012c T linearMemAlign
00149b74 00000008 T linearAlloc
00149b7c 0000005c T linearFree
00149bd8 00000088 T MemPool::CoalesceRight(MemBlock*)
00149c60 00000178 T MemPool::Allocate(MemChunk&, unsigned long, int)
00149dd8 00000118 T MemPool::Deallocate(MemChunk const&)
00149ef0 00000030 T MemPool::GetFreeSpace()
00149f20 000000cc t gfxPresentFramebuffer
00149fec 00000010 T gfxSet3D
00149ffc 000000f8 T gfxSetScreenFormat
0014a0f4 00000010 T gfxSetDoubleBuffering
0014a104 000000d8 T gfxInit
0014a1dc 00000010 T gfxInitDefault
0014a1ec 000000b8 T gfxExit
0014a2a4 000000a0 T gfxGetFramebuffer
0014a344 00000100 T gfxFlushBuffers
0014a444 00000050 T gfxSwapBuffers
0014a494 00000074 T osConvertVirtToPhys
0014a508 00000054 T osGetTimeRef
0014a55c 000000ec T osGetTime
0014a648 00000034 T __ctru_speedup_config
0014a67c 00000038 T osSetSpeedupEnable
0014a6b4 00000008 t romfs_close
0014a6bc 000000ac t romfs_seek
0014a768 00000024 t romfs_dirreset
0014a78c 000000c0 t fill_dir
0014a84c 000002ac t romfs_dirnext
0014aaf8 00000074 t romfs_free
0014ab6c 000000d0 t searchForFile.constprop.0
0014ac3c 000000d4 t searchForDir.constprop.0
0014ad10 000001c0 t navigateToDir.constprop.0
0014aed0 00000114 t romfs_open
0014afe4 0000004c t romfs_chdir
0014b030 00000068 t romfs_diropen
0014b098 00000178 t romfs_stat
0014b210 00000008 t romfs_dirclose
0014b218 0000007c t romfs_fstat
0014b294 000000d0 t romfs_read
0014b364 00000294 T romfsMountFromFile
0014b5f8 00000098 T romfsMountFromCurrentProcess
0014b690 00000258 T romfsMountSelf
0014b8e8 000000a0 T romfsUnmount
0014b988 000001fc T threadCreate
0014bb84 00000038 T threadFree
0014bbbc 00000024 T threadJoin
0014bbe0 00000030 T threadGetCurrent
0014bc10 00000040 T threadExit
0014bc50 00000020 t _thread_begin
0014bc70 00000158 t ndspUpdateMaster
0014bdc8 00000108 t ndspFinalize
0014bed0 0000025c t ndspInitialize.part.0
0014c12c 00000108 t ndspHookCallback
0014c238 00000318 t ndspThreadMain
0014c550 000003f0 T ndspInit
0014c940 000000d8 T ndspExit
0014ca18 00000034 T ndspSetOutputMode
0014ca4c 000000e0 T ndspChnReset
0014cb2c 00000018 T ndspChnSetFormat
0014cb44 00000050 T ndspChnSetInterp
0014cb94 00000060 T ndspChnSetRate
0014cbf4 00000080 T ndspChnSetMix
0014cc74 000000c8 T ndspChnWaveBufAdd
0014cd3c 00000040 T ndspiInitChn
0014cd7c 0000002c T ndspiDirtyChn
0014cda8 0000043c T ndspiUpdateChn
0014d1e4 00000180 T ndspiReadChnState
0014d364 00000180 t aptConvertScreenForCapture
0014d4e4 00000138 T aptSendCommand
0014d620 00000044 t aptExitProcess
0014d664 0000001c T aptShouldClose
0014d680 00000038 T aptShouldJumpToHome
0014d6b8 00000394 T aptExit
0014da4c 00000034 T aptHook
0014da80 00000030 T aptUnhook
0014dab0 00000084 T APT_SleepIfShellClosed
0014db34 00000078 T aptSetSleepAllowed
0014dbac 00000084 T APT_UnlockTransition
0014dc30 00000470 t aptEventHandler
0014e0a0 000000bc T APT_ReceiveParameter
0014e15c 000000b0 t aptReceiveParameter.constprop.0
0014e210 00000294 t aptScreenTransfer
0014e4a4 000002d0 t aptWaitForWakeUp.isra.0
0014e774 000000f4 T aptJumpToHomeMenu
0014e868 00000240 T aptInit
0014eaa8 0000002c T APT_ReplySleepQuery
0014ead4 00000090 T APT_CheckNew3DS
0014eb64 000000a8 T cfguInit
0014ec0c 0000003c T cfguExit
0014ec48 0000004c T CFGU_GetConfigInfoBlk2
0014ec94 000000a4 t DSP_LoadComponent.part.0
0014ed38 000000fc T dspInit
0014ee34 0000008c T dspExit
0014eec0 00000024 T dspHook
0014eee4 00000030 T dspUnhook
0014ef14 000000b4 T aptDspSleep
0014efc8 000000b4 T aptDspWakeup
0014f07c 00000044 T aptDspCancel
0014f0c0 00000044 T DSP_GetHeadphoneStatus
0014f104 00000050 T DSP_FlushDataCache
0014f154 00000034 T DSP_SetSemaphore
0014f188 00000034 T DSP_SetSemaphoreMask
0014f1bc 00000038 T DSP_GetSemaphoreHandle
0014f1f4 0000003c T DSP_LoadComponent
0014f230 00000044 T DSP_RegisterInterruptEvents
0014f274 00000078 T DSP_ReadPipeIfPossible
0014f2ec 0000004c T DSP_WriteProcessPipe
0014f338 00000044 T DSP_ConvertProcessAddressFromDspDram
0014f37c 00000044 T DSP_RecvData
0014f3c0 00000050 T DSP_RecvDataIsReady
0014f410 00000104 T fsInit
0014f514 0000003c T fsExit
0014f550 00000068 T fsExemptFromSession
0014f5b8 00000050 T fsUnexemptFromSession
0014f608 000000cc T FSUSER_OpenFile
0014f6d4 000000cc T FSUSER_OpenFileDirectly
0014f7a0 000000b8 T FSUSER_DeleteFile
0014f858 000000f4 T FSUSER_RenameFile
0014f94c 000000b8 T FSUSER_DeleteDirectory
0014fa04 000000d0 T FSUSER_CreateFile
0014fad4 000000c0 T FSUSER_CreateDirectory
0014fb94 000000f4 T FSUSER_RenameDirectory
0014fc88 000000b4 T FSUSER_OpenDirectory
0014fd3c 00000090 T FSUSER_OpenArchive
0014fdcc 0000008c T FSUSER_CloseArchive
0014fe58 00000074 T FSUSER_GetSdmcArchiveResource
0014fecc 00000064 T FSUSER_IsSdmcWritable
0014ff30 00000064 T FSFILE_Read
0014ff94 0000006c T FSFILE_Write
00150000 00000044 T FSFILE_GetSize
00150044 00000028 T FSFILE_SetSize
0015006c 0000003c T FSFILE_Close
001500a8 00000024 T FSFILE_Flush
001500cc 00000060 T FSDIR_Read
0015012c 0000003c T FSDIR_Close
00150168 00000c70 t gspHardwareInit
00150dd8 00000288 T gspInit
00151060 00000104 T gspExit
00151164 00000010 T gspHasGpuRight
00151174 000000a4 T gspPresentBuffer
00151218 00000050 T gspWaitForEvent
00151268 00000004 W gxCmdQueueInterrupt
0015126c 00000154 t gspEventThreadMain
001513c0 00000050 T GSPGPU_FlushDataCache
00151410 00000034 T GSPGPU_SetLcdForceBlack
00151444 00000084 T GSPGPU_AcquireRight
001514c8 00000064 T GSPGPU_ReleaseRight
0015152c 0000007c T GSPGPU_ImportDisplayCaptureInfo
001515a8 0000002c T GSPGPU_SaveVramSysArea
001515d4 0000002c T GSPGPU_RestoreVramSysArea
00151600 00000078 T gspLcdInit
00151678 0000003c T gspLcdExit
001516b4 00000034 T GSPLCD_PowerOnBacklight
001516e8 00000034 T GSPLCD_PowerOffBacklight
0015171c 00000024 W hidShouldUseIrrst
00151740 000001cc T hidInit
0015190c 000000e8 T hidExit
001519f4 000002a0 T hidScanInput
00151c94 00000010 T hidKeysHeld
00151ca4 00000010 T hidKeysDown
00151cb4 00000010 T hidKeysUp
00151cc4 00000018 T hidTouchRead
00151cdc 00000018 T hidCircleRead
00151cf4 000001a4 T irrstInit
00151e98 000000dc T irrstExit
00151f74 000000b4 T irrstScanInput
00152028 00000024 T irrstKeysHeld
0015204c 00000018 T irrstCstickRead
00152064 00000078 T ptmSysmInit
001520dc 0000003c T ptmSysmExit
00152118 00000034 T PTMSYSM_ConfigureNew3DSCPU
0015214c 00000078 T ptmuInit
001521c4 0000003c T ptmuExit
00152200 00000038 T PTMU_GetShellState
00152238 00000074 T rbtree_find
001522ac 00000010 T rbtree_init
001522bc 00000198 t do_insert
00152454 00000008 T rbtree_insert
0015245c 00000310 T rbtree_remove
0015276c 00000090 T rbtree_rotate
001527fc 000000e8 T utf16_to_utf8
001528e4 000000c0 T utf8_to_utf16
001529a8 000001e8 W __system_allocateHeaps
00152b90 00000038 W __libctru_init
00152bc8 0000016c W __system_initArgv
00152d34 00000030 T __syscall_getreent
00152d64 00000064 T __syscall_gettod_r
00152dc8 00000004 T __syscall_lock_acquire
00152dcc 00000004 T __syscall_lock_release
00152dd0 00000004 T __syscall_lock_acquire_recursive
00152dd4 00000004 T __syscall_lock_release_recursive
00152dd8 00000004 T __syscall_exit
00152ddc 00000054 T initThreadVars
00152e30 00000080 T __system_initSyscalls
00152eb0 T svcControlMemory
00152ed0 T svcQueryMemory
00152f00 T svcExitProcess
00152f08 T svcCreateThread
00152f28 T svcExitThread
00152f30 T svcSleepThread
00152f38 T svcReleaseMutex
00152f40 T svcCreateEvent
00152f54 T svcSignalEvent
00152f5c T svcClearEvent
00152f64 T svcMapMemoryBlock
00152f6c T svcUnmapMemoryBlock
00152f74 T svcCreateAddressArbiter
00152f88 T svcArbitrateAddressNoTimeout
00152f90 T svcCloseHandle
00152f98 T svcWaitSynchronization
00152fa0 T svcWaitSynchronizationN
00152fc8 T svcDuplicateHandle
00152fdc T svcGetSystemTick
00152fe4 T svcConnectToPort
00152ff8 T svcSendSyncRequest
00153000 T svcGetResourceLimit
00153014 T svcGetResourceLimitLimitValues
0015301c T svcGetResourceLimitCurrentValues
00153024 T svcBreak
0015302c T __aeabi_read_tp
00153038 W initSystem
00153088 W __ctru_exit
0015309c 00000024 t addrMapNodeComparator(rbtree_node const*, rbtree_node const*)
001530c0 00000004 t addrMapNodeDestructor(rbtree_node*)
001530c4 00000248 T vramMemAlignAt
0015330c 0000000c T vramAlloc
00153318 00000094 T vramFree
001533ac 0000008c W envGetHandle
00153438 00000050 W envDestroyHandles
00153488 00000164 T srvInit
001535ec 00000064 T srvExit
00153650 00000060 T srvEnableNotification
001536b0 000000a0 T srvGetServiceHandleDirect
00153750 00000048 T srvGetServiceHandle
00153798 00000034 T srvSubscribe
001537cc 00000060 T srvReceiveNotification
0015382c 00000038 T srvPublishToSubscriber
00153864 0000000c T __sync_init
00153870 00000018 T __sync_fini
00153888 00000028 T syncArbitrateAddress
001538b0 0000001c T LightLock_Init
001538cc 000000ac T LightLock_Lock
00153978 00000040 T LightLock_Unlock
001539b8 00000054 T RecursiveLock_Lock
00153a0c 00000054 T RecursiveLock_Unlock
00153a60 00000044 T LightEvent_Init
00153aa4 000000b8 T LightEvent_Clear
00153b5c 000000dc T LightEvent_Signal
00153c38 00000050 T LightEvent_TryWait
00153c88 000000ac T LightEvent_Wait
00153d34 00000090 t mappableFindAddressWithin
00153dc4 00000028 T mappableInit
00153dec 0000007c T mappableAlloc
00153e68 00000004 T mappableFree
00153e6c 0000000c T srvPmGetSessionHandle
00153e78 00000060 T rbtree_node_next
00153ed8 00000054 T decode_utf16
00153f2c 00000140 T decode_utf8
0015406c 00000054 T encode_utf16
001540c0 000000e0 T encode_utf8
001541a0 00000030 W __appExit
001541d0 00000030 W __appInit
00154200 00000090 W __libctru_exit
00154290 00000024 t error_cmp
001542b4 00000050 t archive_translate_error
00154304 000000c0 t archive_seek
001543c4 00000078 t _archiveInit.part.0
0015443c 00000110 t archiveFindDevice.part.0
0015454c 00000298 t archive_utf16path
001547e4 00000098 t _archiveUnmountDeviceStruct.part.0
0015487c 00000178 t _archiveMountDevice
001549f4 000000f8 t archive_diropen
00154aec 000000ac t archive_fstat
00154b98 00000074 t archive_fsync
00154c0c 00000074 t archive_close
00154c80 00000078 t archive_dirclose
00154cf8 000000ec t sdmc_statvfs
00154de4 000000f8 t archive_chdir
00154edc 0000008c t archive_ftruncate
00154f68 000000bc t archive_read
00155024 000000a8 t archive_unlink
001550cc 000000c0 t archive_rmdir
0015518c 000000d8 t archive_mkdir
00155264 000001a0 t archive_stat
00155404 00000164 t archive_dirnext
00155568 0000013c t archive_write
001556a8 00000254 t archive_open
001558fc 00000270 t archive_rename
00155b6c 000001c8 T archiveMountSdmc
00155d34 00000054 T archiveUnmountAll
00155d88 00000074 T fmodf
00155e00 00000264 T sinf
00156068 00000258 T log
001562c0 000000b0 T sin
00156370 00000024 t with_errno
00156394 00000028 t xflow
001563c0 00000010 T __math_uflow
001563d0 00000010 T __math_oflow
001563e0 00000048 T __math_divzero
00156428 0000001c T __math_invalid
00156444 00000014 T __math_check_uflow
00156458 00000028 T __math_check_oflow
00156480 00000310 T __ieee754_rem_pio2
00156790 00000740 T pow
00156ed0 00000214 T __ieee754_fmodf
001570e8 000008b8 T __kernel_rem_pio2
001579a0 00000140 T scalbn
00157ae0 0000008c T ldexp
00157b70 000000c0 T __kernel_sin
00157c30 000000a8 T cos
00157cd8 00000024 t with_errnof
00157cfc 0000001c T __math_invalidf
00157d18 00000144 T floor
00157e60 0000025c T cosf
001580c0 00000214 T exp
001582d4 00000014 T finite
001582e8 00000150 T __kernel_cos
00158438 00000014 T fabs
00158450 00000040 T __aeabi_f2ulz
00158450 00000040 T __fixunssfdi
00158490 00000040 T __aeabi_d2ulz
00158490 00000040 T __fixunsdfdi
001584d0 00000130 T __udivmoddi4
00158600 000000e4 T strncat
001586e4 00000034 T ftell
00158718 0000001c T srand
00158734 00000044 T rand
00158778 00000128 T memcpy
001588a0 0000005c T __assert_func
001588fc 0000008c T strlen
00158988 00000334 T _fread_r
00158cbc 00000038 T fread
00158cf4 00000078 T bsearch
00158d6c 00000134 T _fopen_r
00158ea0 00000028 T fopen
00158ec8 00000028 T memalign
00158ef0 000000a0 T snprintf
00158f90 000001ec t _strtoul_l.isra.0
0015917c 0000003c T strtoul
001591b8 0000003c T fiprintf
001591f4 00000140 T strchr
00159334 000000d8 T memcmp
0015940c 00000028 T calloc
00159434 0000016c T _memalign_r
001595a0 0000000c T __errno
001595ac 00000014 T abort
001595c0 00000164 T __smakebuf_r
00159724 000000e4 T memset
00159808 000000d8 T _calloc_r
001598e0 0000022c T __sflush_r
00159b0c 000000c4 T _fflush_r
00159bd0 00000028 T realloc
00159bf8 000008e8 T qsort
0015a4e0 000001c4 T _ftello_r
0015a6a4 0000082c T _malloc_r
0015aed0 00000114 T _malloc_trim_r
0015afe4 00000314 T _free_r
0015b2f8 0000001c t stdio_exit_handler
0015b314 0000005c t cleanup_stdio
0015b370 00000154 t global_stdio_init.part.0
0015b4c4 00000138 T __sfp
0015b5fc 0000005c T __sinit
0015b658 0000000c T __sfp_lock_acquire
0015b664 0000000c T __sfp_lock_release
0015b670 00000084 T __libc_init_array
0015b6f4 000000d4 T strncpy
0015b7c8 0000001c T _fseek_r
0015b7e4 00000034 T fseek
0015b818 00000040 T malloc
0015b858 00000020 T free
0015b878 00000028 T _wcsrtombs_r
0015b8a0 00000048 T strrchr
0015b8e8 00000044 T __sread
0015b92c 00000068 T __swrite
0015b994 00000040 T __sseek
0015b9d4 00000008 T __sclose
0015b9dc 000001a8 T memmove
0015bb84 000000d8 T fgetc
0015bc5c 000004f0 T _realloc_r
0015c14c 0000000c T __malloc_lock
0015c158 0000000c T __malloc_unlock
0015c164 00000588 T _fseeko_r
0015c6ec 00000148 T _fclose_r
0015c834 00000020 T fclose
0015c854 00000048 T time
0015c89c 00000004 W __call_exitprocs
0015c8a0 00000030 T exit
0015c8d0 000005e0 t get_arg
0015ceb0 0000345c T _svfprintf_r
0016030c 000000b8 T __sflags
001603c4 0000003c T __libc_fini_array
00160400 0000003c T strnlen
0016043c 000005e0 t get_arg
00160a1c 000022f8 T _vfiprintf_r
00162d14 000000b4 t __sbprintf
00162dc8 000000d8 T strncmp
00162ea0 0000015c T _wcsnrtombs_l
00162ffc 00000064 T _wcsnrtombs_r
00163060 00000068 T sprintf
001630c8 00000038 t lflush
00163100 000001a8 T __srefill_r
001632a8 00000088 T frexp
00163330 00000070 T _fwalk_sglue
001633a0 00000068 T __srget_r
00163408 000000a0 T _wcrtomb_r
001634a8 000000a4 T __ssprint_r
0016354c 0000009c T _raise_r
001635e8 00000020 T raise
00163608 00000024 T __locale_mb_cur_max
0016362c 00000030 T __sprint_r
0016365c 000001c0 t quorem
00163820 00001420 T _dtoa_r
00164c40 000000e8 T memchr
00164d28 00000140 T __swsetup_r
00164e68 00000024 T _localeconv_r
00164e8c 0000012c T __ssputs_r
00164fb8 000000f8 T __utf8_wctomb
001650b0 00000088 T _Balloc
00165138 0000001c T _Bfree
00165154 000000f4 T __multadd
00165248 00000080 T __hi0bits
001652c8 000000f0 T __lo0bits
001653b8 000000a4 T __i2b
0016545c 00000230 T __multiply
0016568c 00000130 T __pow5mult
001657bc 00000138 T __lshift
001658f4 00000058 T __mcmp
0016594c 00000218 T __mdiff
00165b64 00000120 T __d2b
00165c84 00000340 T __utf8_mbtowc
00165fc4 000004a4 T __sfvwrite_r
00166468 00000020 T _exit
00166488 00000140 T chdir
001665c8 000001c8 T _concatenate_path
00166790 00000070 t __dirnext
00166800 00000114 T opendir
00166914 00000098 T closedir
001669ac 000000f8 T readdir_r
00166aa4 00000048 T readdir
00166aec 0000009c T _fstat_r
00166b88 00000014 T _getpid_r
00166b9c 0000002c T __getreent
00166bc8 00000030 T _gettimeofday_r
00166bf8 000000a0 T __release_handle
00166c98 000000b0 T __alloc_handle
00166d48 00000058 T __get_handle
00166da0 00000110 T _close_r
00166eb0 00000008 t null_write
00166eb8 00000018 T setDefaultDevice
00166ed0 00000098 T FindDevice
00166f68 00000024 T RemoveDevice
00166f8c 00000088 T AddDevice
00167014 00000020 T GetDeviceOpTab
00167034 00000008 T _isatty_r
0016703c 00000014 T _kill_r
00167050 00000094 T _lseek_r
001670e4 000000c0 T _open_r
001671a4 00000094 T _read_r
00167238 00000078 W _sbrk_r
001672b0 0000001c T __libc_lock_acquire
001672cc 0000001c T __libc_lock_release
001672e8 0000001c T __libc_lock_acquire_recursive
00167304 0000001c T __libc_lock_release_recursive
00167320 00000094 T _write_r
001673b4 T _fini
00168480 00000017 r __func__.55
00168498 00000017 r __func__.22
001684b0 00000018 r channel_selector.13
001684c8 0000002a r channel_position
001684f4 00000023 r __func__.12
00168518 00000017 r __func__.54
00168530 00000010 r log2_4.32
00168540 00000017 r __func__.56
00168558 00000010 r __func__.17
00168568 00000016 r __func__.86
00168580 00000400 r drflac__crc32_table
00168980 00000014 r __func__.84
00168994 00000015 r __func__.47
001689ac 00000014 r __func__.82
001689c0 00000200 r drflac__crc16_table
00168bc0 00000015 r __func__.78
00168bd8 00000013 r __func__.76
00168bec 00000014 r __func__.75
00168c00 00000100 r drflac__crc8_table
00168d38 0000001f r __func__.42
00168d58 00000018 r __func__.40
00168d70 00000032 r __func__.81
00168da4 00000014 r __func__.64
00168db8 0000003d r __func__.71
00168df8 0000001b r __func__.70
00168e14 00000033 r __func__.72
00168e48 00000020 r __func__.69
00168e68 00000020 r __func__.68
00168e88 00000025 r __func__.73
00168eb0 00000030 r __func__.67
00168ee0 00000028 r __func__.51
00168f08 0000001b r __func__.52
00168f24 0000001b r __func__.50
00168f40 0000001b r __func__.49
00168f5c 0000002f r __func__.38
00168f8c 0000008d r CSWTCH.2823
0016901c 0000000d r __func__.29
0016902c 00000010 r __func__.30
0016903c 0000001b r __func__.26
00169058 00000024 r __func__.25
0016907c 00000016 r __func__.24
00169094 00000010 r range_list.28
001690a4 0000001a r __func__.27
001690c0 00000400 r inverse_db_table
001694c0 00000016 r __func__.33
001694d8 00000016 r __func__.16
001694f0 00000022 r __func__.85
00169514 0000000d r __func__.53
00169524 0000001e r __func__.46
00169544 00000012 r __func__.19
00169558 00000017 r __func__.18
00169570 0000000e r __func__.21
00169580 00000016 r __func__.15
00169598 00000010 r __func__.14
001695d8 0000001c r CSWTCH.3386
00169664 0000012c r bitrate_table
00169790 0000000c r samplerate_table
0016979c 0000000c r decoder_table
001697a8 00000880 r D
0016a028 00000038 r linear_table
0016a060 00000100 r sf_table
0016a160 000000b4 r sbquant_table
0016a214 00000020 r bitalloc_table
0016a234 000000cc r qc_table
0016a300 0000005a r offset_table
0016a35c 0000001c r root_table
0016a378 00000020 r cs
0016a398 00000020 r ca
0016a3b8 00000030 r window_s
0016a3e8 00000090 r imdct_s
0016a478 0000006c r sfbwidth_table
0016a4e4 00000048 r nsfb_table
0016a52c 00000020 r sflen_table
0016a54c 00000016 r pretab
0016a564 0000000f r __func__.0
0016a574 00000078 r is_lsf_table
0016a5ec 0000001c r is_table
0016a608 0000000e r __func__.1
0016a618 0000803c r rq_table
00172654 00000027 r sfb_8000_mixed
0017267c 00000027 r sfb_8000_short
001726a4 00000016 r sfb_8000_long
001726bc 00000024 r sfb_16000_mixed
001726e0 00000024 r sfb_22050_mixed
00172704 00000024 r sfb_24000_mixed
00172728 00000027 r sfb_16000_short
00172750 00000027 r sfb_22050_short
00172778 00000027 r sfb_24000_short
001727a0 00000016 r sfb_22050_long
001727b8 00000016 r sfb_24000_long
001727d0 00000026 r sfb_32000_mixed
001727f8 00000026 r sfb_44100_mixed
00172820 00000026 r sfb_48000_mixed
00172848 00000027 r sfb_32000_short
00172870 00000027 r sfb_44100_short
00172898 00000027 r sfb_48000_short
001728c0 00000016 r sfb_32000_long
001728d8 00000016 r sfb_44100_long
001728f0 00000016 r sfb_48000_long
00172908 00000100 R mad_huff_pair_table
00172a08 00000008 R mad_huff_quad_table
00172a10 00000304 r hufftab24
00172d14 00000324 r hufftab16
00173038 000002f8 r hufftab15
00173330 0000031c r hufftab13
0017364c 000000c0 r hufftab12
0017370c 000000d0 r hufftab11
001737dc 000000cc r hufftab10
001738a8 0000006c r hufftab9
00173914 00000084 r hufftab8
00173998 00000080 r hufftab7
00173a18 00000038 r hufftab6
00173a50 00000034 r hufftab5
00173a84 00000020 r hufftab3
00173aa4 00000020 r hufftab2
00173ac4 00000010 r hufftab1
00173ad4 00000002 r hufftab0
00173ad8 00000020 r hufftabB
00173af8 00000038 r hufftabA
00173b30 00000200 r crc_table
00173d30 00000010 r __func__.0
00173d40 0000000f r __func__.1
00173d50 00000008 R mad_timer_zero
0017404c r .LC2
00174700 r .LC195
00174718 r .LC196
00174798 r .LC205
001747a0 r .LC206
001747c0 r .LC207
001747c8 r .LC208
001747cc r .LC209
001747d0 r .LC210
00174870 r .LC225
0017489c r .LC228
001748e4 r .LC235
00174914 r .LC242
0017492c r .LC244
00174944 r .LC245
00174958 r .LC246
0017496c r .LC247
00174a78 r .LC261
00174ae0 r .LC271
00174afc r .LC272
00174b24 r .LC278
00174b2c r .LC279
00174b34 r .LC280
00174b3c r .LC281
00174b40 r .LC283
00174b44 r .LC284
00174b48 r .LC285
00174b4c r .LC286
00174b70 r .LC291
00174b94 r .LC292
00174bf0 r .LC289
00174c00 r .LC290
001755dc 00000080 r romFS_devoptab
0017565c 00000011 r dsp_filename.0
0017568c 00000008 r morton_y.2
00175694 00000008 r morton_x.3
0017569c 00000008 r s_sleepWakeEvents.4
001756a4 0000000c r serviceNameTable.5
001756b0 00000030 r error_table
001756e0 00000080 r archive_devoptab
00175760 00000080 r npio2_hw
001757e0 00000108 r two_over_pi
001758e8 00000008 r Zero
001758f0 00000040 r PIo2
00175930 00000010 r init_jk
00175940 00000060 R __inv_pio4
001759a0 000000e0 R __sincosf_table
00175a80 00000870 R __exp_data
001762f0 00001048 R __pow_log_data
00177338 00001090 R __log_data
001784f0 00000010 r zeroes.0
00178500 00000010 r blanks.1
001785fc 00000010 r zeroes.0
0017860c 00000010 r blanks.1
0017861c 00000101 R _ctype_
00178720 0000006c R __action_table
0017878c 0000006c R __state_table
001787f8 00000100 R __chclass
00178900 0000000c r p05.0
00178910 00000028 R __mprec_bigtens
00178938 000000c8 R __mprec_tens
00178a00 00000080 R dotab_stdnull
00178a80 R __tdata_align
00178a84 r __EH_FRAME_BEGIN__
00178a84 R __exidx_end
00178a84 R __exidx_start
00179000 00000004 d ogg_page_header
00179004 00000060 D statusMessage
00179064 00000050 d lpcCoefficientsTable.74
001790b4 00000006 d vorbis.20
001790bc 00000004 D tahminiToplamBoyut
001790c0 0000001c D eqBand
001790dc 00000004 D masterVolume
001790e0 00000004 d bassAvg.1
001790e4 00000001 D hangiBufferA
001790e8 00000004 D wavSampleRate
001790ec 00000004 D playbackRatePct
001790f0 00000200 D currentDir
001792f0 00000200 D savedBrowserDir
001794f0 00000004 D coverSeed
001794f4 00000004 D mouseCursorX
001794f8 00000004 D mouseCursorY
001794fc 00000010 D quadVizTipi
0017950c 00000010 D quadVizStili
0017951c 00000010 D quadVizModu
0017952c 00000010 D quadRenkModu
0017953c 00000004 D aktifVizStili
00179540 00000040 D anlikVizIsmi
00179580 00000020 D vfdIsimleri1
001795a0 00000100 D vfdIsimleri2
001796a0 00000004 D crtFosforGucu
001796a4 00000004 D scanlineSpacing
001796a8 00000004 D scanlineStrength
001796ac 00000004 D fakeBatteryPct
001796b0 00000001 D otomatikDegistir
001796b4 00000004 D fakeThermalLevel
001796b8 00000018 D eqPresetNames
001796d0 00000001 D settingsReturnMode
001796d4 00000004 d aptChainloadDeliverArgSize
001796d8 00000004 d kCount
001796dc 00000004 d kInterval
001796e0 00000004 d kDelay
001796e4 W __stacksize__
001796e8 00000004 D _impure_ptr
001796f0 00000200 D _impure_data
001798f0 00000004 D __malloc_sbrk_base
001798f4 00000004 D __malloc_trim_threshold
001798f8 00000408 D __malloc_av_
00179d00 0000000c D __sglue
00179d0c 00000254 D __global_locale
00179f60 00000400 d _current_working_directory
0017a360 00001000 d handles
0017b360 0000000c d __stderr_handle
0017b36c 0000000c d __stdout_handle
0017b378 0000000c d __stdin_handle
0017b384 0000008c D devoptab_list
0017b410 00000004 d defaultDevice
0017b41c d _GLOBAL_OFFSET_TABLE_
0017b428 d __frame_dummy_init_array_entry
0017b428 D __init_array_start
0017b428 B __preinit_array_end
0017b428 B __preinit_array_start
0017b428 D __tdata_lma
0017b428 D __tdata_lma_end
0017b42c d __do_global_dtors_aux_fini_array_entry
0017b42c D __fini_array_start
0017b42c D __init_array_end
0017b430 D __bss_start__
0017b430 D __fini_array_end
0017b430 00000004 B statusMessageFrames
0017b434 00000001 B audioThreadRunning
0017b435 00000001 B caliyor
0017b436 00000001 B audioThreadPlaying
0017b438 00000004 B audioThread
0017b43c 00000400 b crc_table
0017b83c 00000001 B aktifSesFormati
0017b840 00000004 B flacDecoder
0017b844 00000004 B vorbisDecoder
0017b848 00000004 B mp3Dosyasi
0017b84c 00000004 B wavDataSize
0017b850 00000004 B wavDataStart
0017b854 00000004 b hpL.9
0017b858 00000004 b lpL.11
0017b85c 00000004 b prevL.7
0017b860 00000004 b hpR.8
0017b864 00000004 b lpR.10
0017b868 00000004 b prevR.6
0017b86c 00000004 b bass.5
0017b870 00000004 b mid.4
0017b874 00000004 b prev.2
0017b878 00000004 b treble.3
0017b87c 00000004 B viz_bass_energy
0017b880 00000004 B viz_mid_energy
0017b884 00000004 B viz_treble_energy
0017b888 00000004 b beatHold.0
0017b88c 00000004 B viz_beat_pulse
0017b890 00000004 B viz_kick_flash
0017b894 00000004 B pcmBufferA
0017b898 00000004 B pcmBufferB
0017b89c 00000018 B dalgaBlokuA
0017b8b4 00000018 B dalgaBlokuB
0017b8cc 00000030 B sesMiksaji
0017b8fc 00000001 B aptHomeSuspended
0017b8fd 00000001 B aptAudioWasPlaying
0017b8fe 00000001 B audioSeekBusy
0017b8ff 00000001 B lidAnimActive
0017b900 00000004 B lidAnimFrame
0017b904 00000004 B lidGuardRejectFrames
0017b908 00000002 B wavChannels
0017b90a 00000002 B wavBitsPerSample
0017b90c 00000001 B madAktif
0017b910 00000040 B Stream
0017b950 00000004 B mp3Buffer
0017b954 00000004 B beepPcm
0017b958 00000018 B beepWave
0017b970 00000004 B uiBeepCooldown
0017b974 00000004 B beepPhase
0017b978 00000001 B screenOffMode
0017b979 00000001 B screenBacklightOff
0017b97a 00000001 B headphonesInserted
0017b97b 00000001 B lidClosedAudioMode
0017b97c 00000001 B lidWasClosed
0017b97d 00000001 B audioSearchActive
0017b980 00000004 B browserEntryCount
0017b984 00000004 B browserDirSeen
0017b988 00000004 B browserFileSeen
0017b98c 00000004 B browserAudioSeen
0017b990 00000004 B browserUnsupportedSeen
0017b994 00000004 B browserSearchDirs
0017b998 00000004 B audioSearchQueueCount
0017b99c 00000001 B audioSearchRunning
0017b9a0 00000004 B frameSayaci
0017b9a4 00000004 B fileCursor
0017b9a8 00000004 B fileScroll
0017b9b0 00000018 B vorbisInfo
0017b9c8 00000004 B viz_anlik_genlik
0017b9cc 00000001 B cdAnimAktif
0017b9d0 00000004 B cdAnimFrame
0017b9d4 00000001 B shuffleMode
0017b9d8 00000004 B playingPlaylistCount
0017b9dc 00000004 B aktifSarkiIdx
0017b9e0 00000004 B repeatMode
0017b9e4 00000001 B rotateModFull
0017b9e8 00000004 B animasyonFaz
0017b9ec 00000004 B matrixRainOffset
0017b9f0 00000004 B aktifRenkModu
0017b9f4 00000004 B aktifVizTipi
0017b9f8 00000004 B aktifVizMod
0017b9fc 000000b0 B peakHold
0017baac 000000b0 B peakHoldDecay
0017bb5c 00000004 B anlikSaniye
0017bb60 00000001 B coverMode
0017bb61 00000001 B mouseCursorActive
0017bb64 00000004 B startupFrame
0017bb68 00000004 B shutdownFrame
0017bb6c 00000004 B pendingTrackDelta
0017bb70 00000004 B stationStaticFrames
0017bb74 00000001 B matrixLogMode
0017bb75 00000001 B cyberSnakeMode
0017bb76 00000001 B holdMode
0017bb78 00000004 B geigerSpikeFrames
0017bb7c 00000001 B lowBatterySim
0017bb7d 00000001 B tapeJamActive
0017bb7e 00000001 B uiMode
0017bb7f 00000001 B mouseMode
0017bb80 00000001 B geigerMode
0017bb84 00000004 B micNoiseLevel
0017bb88 00000004 B settingsCursor
0017bb8c 00000004 B eqPresetIdx
0017bb90 00000005 B buttons
0017bb98 00000004 B globalPulse
0017bb9c 00000004 B mouseCursorIdleFrames
0017bba0 00000001 B cstickMouseReady
0017bba4 00000004 B analogSeekCooldown
0017bba8 0000000c B aptCookie
0017bbb4 00000004 B closedControlCooldown
0017bbb8 00008000 b cosTable
00183bb8 00008000 b sinTable
0018bbb8 00000001 B dikModAktif
0018bbbc 0000340c B Synth
0018efc8 00002430 B Frame
001913f8 00004000 B codecDecodeTemp
001953f8 00000004 B gyroParallaxY
001953fc 00000004 B gyroParallaxX
00195400 00020000 B audioSearchQueue
001b5400 00100000 B playingPlaylist
002b5400 00180800 B browserEntries
00435c00 b completed.1
00435c04 b object.0
00435c20 00000008 b sLinearPool
00435c28 0000000c b sAddrMap
00435c34 00000004 b screenAlloc
00435c38 00000004 b screenFree
00435c3c 00000002 b gfxIsDoubleBuf
00435c40 00000002 b gfxCurBuf
00435c42 00000001 b gfxIsVram
00435c43 00000001 b gfxTopMode
00435c44 00000002 b gfxFramebufferFormats
00435c48 00000004 b gfxBottomFramebufferMaxSize
00435c4c 00000004 b gfxTopFramebufferMaxSize
00435c50 00000008 b gfxBottomFramebuffers
00435c58 00000008 b gfxTopFramebuffers
00435c60 00000001 V __ctru_speedup
00435c64 00000004 b romfs_mount_list
00435c68 00000004 V __romfs_path
00435c6c 00000004 b ndspRefCount
00435c70 00000048 b ndspMaster
00435cb8 00000004 b ndspThread
00435cbc 00000001 b ndspThreadRun
00435cc0 00001080 b dspVar5Backup
00436d40 00000004 b ndspMutex
00436d44 00000008 b sleepEvent
00436d4c 00000004 b dspSem
00436d50 00000004 b irqEvent
00436d54 00000008 b ndspHookCookie
00436d5c 00000001 b componentFree
00436d5e 00000002 b componentDataMask
00436d60 00000002 b componentProgMask
00436d64 00000004 b componentSize
00436d68 00000004 b componentBin
00436d6c 00000004 b frameCount
00436d70 00000004 b droppedFrames
00436d74 00000001 b bCancelReceived
00436d75 00000001 b bSleeping
00436d76 00000001 b bEnteringSleep
00436d77 00000001 b bDspReady
00436d78 00000080 B ndspVars
00436df8 00000002 B ndspBufferId
00436dfa 00000002 B ndspBufferCurId
00436dfc 00000002 B ndspFrameId
00436e00 00000c60 b ndspChn
00437a60 00000001 b flagValue.0
00437a61 00000001 b flagInit.1
00437a64 00000004 b serviceName.6
00437a68 00000001 b aptChainloadFlags
00437a69 00000001 b aptChainloadMediatype
00437a6c 00000020 b aptChainloadHmac
00437a8c 00000300 b aptChainloadDeliverArg
00437d90 00000008 b aptChainloadTid
00437d98 00001000 b aptParameters
00438d98 00000004 b aptFlags
00438d9c 00000001 b aptHomeButtonState
00438da0 00000004 b aptMessageFuncData
00438da4 00000004 b aptMessageFunc
00438da8 0000000c b aptFirstHook
00438db4 00000001 b aptEventHandlerThreadQuit
00438db8 00000004 b aptEventHandlerThread
00438dbc 00000008 b aptSleepEvent
00438dc4 00000008 b aptReceiveEvent
00438dcc 00000008 b aptEvents
00438dd4 00000004 b aptLockHandle
00438dd8 00000004 b aptRefCount
00438ddc 00000004 b cfguRefCount
00438de0 00000004 b cfguHandle
00438de4 00000002 b dspSavedCompDataMask
00438de6 00000002 b dspSavedCompProgMask
00438de8 00000004 b dspSavedCompSize
00438dec 00000004 b dspSavedCompBin
00438df0 00000001 b dspSleeping
00438df1 00000001 b dspComponentLoaded
00438df4 00000008 b dspFirstHook
00438dfc 00000004 b dspRefCount
00438e00 00000004 b dspHandle
00438e08 00000080 b fsExemptArchives
00438e88 00000004 b fsuRefCount
00438e8c 00000004 b fsuHandle
00438e90 00000007 b gspEventCbOneShot
00438e98 0000001c b gspEventCbData
00438eb4 0000001c b gspEventCb
00438ed0 00000038 b gspEvents
00438f08 00000004 b gspLastEvent
00438f0c 00000001 b gspRunEvents
00438f10 00000004 b gspEventThread
00438f14 00000004 b gspEvent
00438f18 00000001 b gspGpuRight
00438f19 00000001 b gspThreadId
00438f1c 00000004 b gspSharedMem
00438f20 00000004 b gspSharedMemHandle
00438f24 00000004 b gspRefCount
00438f28 00000004 b gspGpuHandle
00438f2c 00000004 b gspLcdRefCount
00438f30 00000004 B gspLcdHandle
00438f34 00000001 b usingIrrst
00438f38 00000004 b hidRefCount
00438f3c 00000006 b gRate
00438f44 00000006 b aVec
00438f4c 00000004 b cPos
00438f50 00000004 b tPos
00438f54 00000004 b kRepeat
00438f58 00000004 b kUp
00438f5c 00000004 b kDown
00438f60 00000004 b kHeld
00438f64 00000004 b kOld
00438f68 00000004 B hidSharedMem
00438f6c 00000014 B hidEvents
00438f80 00000004 B hidMemHandle
00438f84 00000004 B hidHandle
00438f88 00000004 b irrstRefCount
00438f8c 00000004 b csPos
00438f90 00000004 b kHeld
00438f94 00000004 B irrstSharedMem
00438f98 00000004 B irrstEvent
00438f9c 00000004 B irrstMemHandle
00438fa0 00000004 B irrstHandle
00438fa4 00000004 b ptmSysmRefCount
00438fa8 00000004 b ptmSysmHandle
00438fac 00000004 b ptmuRefCount
00438fb0 00000004 b ptmuHandle
00438fb4 00000004 V __ctru_linear_heap_size
00438fb8 00000004 V __ctru_heap_size
00438fbc 00000004 B __ctru_linear_heap
00438fc0 00000004 B __ctru_heap
00438fc4 00000004 B __system_retAddr
00438fc8 00000004 B __system_argv
00438fcc 00000004 B __system_argc
00438fd0 b saved_stack
00438fd8 00000008 b sVramPoolB
00438fe0 00000008 b sVramPoolA
00438fe8 0000000c b sAddrMap
00438ff4 00000004 B __3dslink_host
00438ff8 00000004 b srvRefCount
00438ffc 00000004 b srvHandle
00439000 00000004 b arbiter
00439004 00000004 b currentAddr
00439008 00000004 b maxAddr
0043900c 00000004 b minAddr
00439010 00000004 b srvPmHandle
00439018 000005c0 b archive_devices
004395d8 00000004 b archive_device_cwd
004395dc 00000001 b archive_initialized
004395e0 00000028 B __malloc_current_mallinfo
00439608 00000004 B __malloc_max_total_mem
0043960c 00000004 B __malloc_max_sbrked_mem
00439610 00000004 B __malloc_top_pad
00439614 0000000c b __sfp_recursive_mutex
00439620 00000168 B __sf
00439788 00000004 B __stdio_exit_handler
0043978c 0000000c b __malloc_recursive_mutex
00439798 00000400 b temp_cwd
00439b98 00000004 b __hndl_lock
00439b9c 00000004 B fake_heap_start
00439ba0 00000004 B fake_heap_end
00439ba4 00000004 b heap_start.0
00439ba8 B __tls_start
0043a7b0 B __bss_end__
0043a7b0 A __end__
0043a7b0 B __tls_end
